mode: set
download/alink/alink.go:24.61,29.2 3 0
download/alink/alink.go:33.32,35.16 2 0
download/alink/alink.go:38.2,39.50 2 0
download/alink/alink.go:43.2,43.13 1 0
download/alink/alink.go:35.16,37.3 1 0
download/alink/alink.go:39.50,41.3 1 0
download/alink/alink.go:47.40,49.2 1 0
download/alink/alink.go:52.40,54.2 1 0
download/alink/alink.go:57.40,59.2 1 0
download/alink/alink.go:62.38,64.2 1 0
download/alink/alink.go:67.45,68.23 1 0
download/alink/alink.go:71.2,71.53 1 0
download/alink/alink.go:77.2,77.18 1 0
download/alink/alink.go:68.23,70.3 1 0
download/alink/alink.go:71.53,73.9 2 0
download/alink/alink.go:73.9,75.4 1 0
download/alink/alink.go:80.47,81.26 1 0
download/alink/alink.go:89.2,89.56 1 0
download/alink/alink.go:95.2,95.18 1 0
download/alink/alink.go:81.26,82.34 1 0
download/alink/alink.go:87.3,87.18 1 0
download/alink/alink.go:82.34,83.25 1 0
download/alink/alink.go:83.25,85.5 1 0
download/alink/alink.go:89.56,91.9 2 0
download/alink/alink.go:91.9,93.4 1 0
download/alink/alink.go:99.61,102.16 3 0
download/alink/alink.go:105.2,106.10 2 0
download/alink/alink.go:109.2,109.17 1 0
download/alink/alink.go:102.16,104.3 1 0
download/alink/alink.go:106.10,108.3 1 0
download/alink/alink.go:112.58,116.16 3 0
download/alink/alink.go:119.2,120.19 2 0
download/alink/alink.go:116.16,118.3 1 0
download/alink/alink.go:123.58,126.16 3 0
download/alink/alink.go:129.2,130.21 2 0
download/alink/alink.go:126.16,128.3 1 0
download/alink/alink.go:134.63,136.26 2 0
download/alink/alink.go:148.2,148.56 1 0
download/alink/alink.go:153.2,153.13 1 0
download/alink/alink.go:136.26,137.31 1 0
download/alink/alink.go:137.31,138.23 1 0
download/alink/alink.go:138.23,141.25 2 0
download/alink/alink.go:144.5,144.19 1 0
download/alink/alink.go:141.25,143.6 1 0
download/alink/alink.go:148.56,152.3 3 0
download/alink/alink.go:157.32,158.30 1 0
download/alink/alink.go:168.2,168.10 1 0
download/alink/alink.go:158.30,160.25 2 0
download/alink/alink.go:166.3,166.19 1 0
download/alink/alink.go:160.25,161.39 1 0
download/alink/alink.go:161.39,163.10 2 0
download/alink/alink.go:173.40,175.25 2 0
download/alink/alink.go:181.2,181.14 1 0
download/alink/alink.go:175.25,176.15 1 0
download/alink/alink.go:176.15,178.9 2 0
