mode: set
download/alink/alink.go:14.61,19.2 3 1
download/alink/alink.go:23.32,25.16 2 1
download/alink/alink.go:28.2,29.50 2 1
download/alink/alink.go:33.2,33.13 1 1
download/alink/alink.go:25.16,27.3 1 1
download/alink/alink.go:29.50,31.3 1 1
download/alink/alink.go:37.40,39.2 1 1
download/alink/alink.go:42.40,44.2 1 1
download/alink/alink.go:47.40,49.2 1 1
download/alink/alink.go:52.38,54.2 1 0
download/alink/alink.go:57.45,58.23 1 1
download/alink/alink.go:62.2,62.53 1 1
download/alink/alink.go:68.2,68.18 1 1
download/alink/alink.go:58.23,61.3 1 1
download/alink/alink.go:62.53,64.9 2 1
download/alink/alink.go:64.9,66.4 1 1
download/alink/alink.go:71.47,72.26 1 1
download/alink/alink.go:80.2,80.56 1 1
download/alink/alink.go:86.2,86.18 1 1
download/alink/alink.go:72.26,73.34 1 1
download/alink/alink.go:78.3,78.18 1 0
download/alink/alink.go:73.34,74.25 1 1
download/alink/alink.go:74.25,76.5 1 1
download/alink/alink.go:80.56,82.9 2 1
download/alink/alink.go:82.9,84.4 1 1
download/alink/alink.go:90.64,93.16 3 1
download/alink/alink.go:96.2,97.10 2 1
download/alink/alink.go:100.2,100.17 1 1
download/alink/alink.go:93.16,95.3 1 0
download/alink/alink.go:97.10,99.3 1 1
download/alink/alink.go:104.58,107.16 3 1
download/alink/alink.go:111.2,113.19 2 1
download/alink/alink.go:107.16,109.3 1 0
download/alink/alink.go:117.58,120.16 3 1
download/alink/alink.go:123.2,124.17 2 1
download/alink/alink.go:120.16,122.3 1 0
download/alink/alink.go:128.65,131.26 2 1
download/alink/alink.go:145.2,145.56 1 1
download/alink/alink.go:150.2,150.13 1 1
download/alink/alink.go:131.26,132.31 1 1
download/alink/alink.go:132.31,133.23 1 1
download/alink/alink.go:133.23,135.25 2 1
download/alink/alink.go:141.5,141.19 1 1
download/alink/alink.go:135.25,139.6 1 1
download/alink/alink.go:145.56,149.3 3 1
download/alink/alink.go:154.32,155.30 1 1
download/alink/alink.go:165.2,165.10 1 1
download/alink/alink.go:155.30,157.25 2 0
download/alink/alink.go:163.3,163.19 1 0
download/alink/alink.go:157.25,158.39 1 0
download/alink/alink.go:158.39,160.10 2 0
download/alink/alink.go:170.41,172.26 2 1
download/alink/alink.go:178.2,178.14 1 1
download/alink/alink.go:172.26,173.15 1 1
download/alink/alink.go:173.15,175.9 2 0
